Using pre-set license
Built from '2020.3/staging' branch; Version is '2020.3.6f1 (338bb68529b2) revision 3378102'; Using compiler version '192528614'; Build Type 'Release'
OS: 'Windows 10 Education; OS build 19042.985; Version 2009; 64bit' Language: 'de' Physical Memory: 32684 MB
BatchMode: 1, IsHumanControllingUs: 0, StartBugReporterOnCrash: 0, Is64bit: 1, IsPro: 0

 COMMAND LINE ARGUMENTS:
C:\Program Files\Unity\Hub\Editor\2020.3.6f1\Editor\Unity.exe
-adb2
-batchMode
-noUpm
-name
AssetImportWorker0
-projectPath
C:/Users/Sebastian/Documents/Unity/github/SeriousamesProjekt
-logFile
Logs/AssetImportWorker0.log
-srvPort
56766
Successfully changed project path to: C:/Users/Sebastian/Documents/Unity/github/SeriousamesProjekt
C:/Users/Sebastian/Documents/Unity/github/SeriousamesProjekt
Using Asset Import Pipeline V2.
Refreshing native plugins compatible for Editor in 32.85 ms, found 2 plugins.
Preloading 0 native plugins for Editor in 0.00 ms.
Initialize engine version: 2020.3.6f1 (338bb68529b2)
[Subsystems] Discovering subsystems at path C:/Program Files/Unity/Hub/Editor/2020.3.6f1/Editor/Data/Resources/UnitySubsystems
[Subsystems] Discovering subsystems at path C:/Users/Sebastian/Documents/Unity/github/SeriousamesProjekt/Assets
GfxDevice: creating device client; threaded=0
Direct3D:
    Version:  Direct3D 11.0 [level 11.1]
    Renderer: Radeon RX 580 Series (ID=0x67df)
    Vendor:   
    VRAM:     8171 MB
    Driver:   27.20.21002.112
Initialize mono
Mono path[0] = 'C:/Program Files/Unity/Hub/Editor/2020.3.6f1/Editor/Data/Managed'
Mono path[1] = 'C:/Program Files/Unity/Hub/Editor/2020.3.6f1/Editor/Data/MonoBleedingEdge/lib/mono/unityjit'
Mono config path = 'C:/Program Files/Unity/Hub/Editor/2020.3.6f1/Editor/Data/MonoBleedingEdge/etc'
Using monoOptions --debugger-agent=transport=dt_socket,embedding=1,server=y,suspend=n,address=127.0.0.1:56828
Begin MonoManager ReloadAssembly
Registering precompiled unity dll's ...
Register platform support module: C:/Program Files/Unity/Hub/Editor/2020.3.6f1/Editor/Data/PlaybackEngines/WindowsStandaloneSupport/UnityEditor.WindowsStandalone.Extensions.dll
Registered in 0.002560 seconds.
Native extension for WindowsStandalone target not found
Refreshing native plugins compatible for Editor in 31.25 ms, found 2 plugins.
Preloading 0 native plugins for Editor in 0.00 ms.
Mono: successfully reloaded assembly
- Completed reload, in  1.735 seconds
Platform modules already initialized, skipping
Registering precompiled user dll's ...
Registered in 0.006953 seconds.
Begin MonoManager ReloadAssembly
Native extension for WindowsStandalone target not found
Refreshing native plugins compatible for Editor in 0.43 ms, found 2 plugins.
Preloading 0 native plugins for Editor in 0.00 ms.
Mono: successfully reloaded assembly
- Completed reload, in  1.058 seconds
Platform modules already initialized, skipping
========================================================================
Worker process is ready to serve import requests
Launched and connected shader compiler UnityShaderCompiler.exe after 0.06 seconds
Refreshing native plugins compatible for Editor in 0.54 ms, found 2 plugins.
Preloading 0 native plugins for Editor in 0.00 ms.
Unloading 1146 Unused Serialized files (Serialized files now loaded: 0)
System memory in use before: 58.7 MB.
System memory in use after: 58.8 MB.

Unloading 27 unused Assets to reduce memory usage. Loaded Objects now: 1615.
Total: 2.541500 ms (FindLiveObjects: 0.202500 ms CreateObjectMapping: 0.037100 ms MarkObjects: 2.127700 ms  DeleteObjects: 0.172500 ms)

========================================================================
Received Import Request.
  path: Assets/Scripts/GameUI.cs
  artifactKey: Guid(8762037cfbfb3864394f4d25a3bddc2a) Importer(815301076,1909f56bfc062723c751e8b465ee728b)
Start importing Assets/Scripts/GameUI.cs using Guid(8762037cfbfb3864394f4d25a3bddc2a) Importer(815301076,1909f56bfc062723c751e8b465ee728b)  -> (artifact id: '26f94b9e9ed897b70071be468edf9bcb') in 0.051440 seconds
  Import took 0.053727 seconds .

========================================================================
Received Import Request.
  Time since last request: 156.628474 seconds.
  path: Assets/Scripts/GameUI.cs
  artifactKey: Guid(8762037cfbfb3864394f4d25a3bddc2a) Importer(815301076,1909f56bfc062723c751e8b465ee728b)
Start importing Assets/Scripts/GameUI.cs using Guid(8762037cfbfb3864394f4d25a3bddc2a) Importer(815301076,1909f56bfc062723c751e8b465ee728b)  -> (artifact id: '4cf6bebeb750da79d5381e598840412a') in 0.003787 seconds
  Import took 0.006723 seconds .

========================================================================
Received Prepare
Registering precompiled user dll's ...
Registered in 0.006278 seconds.
Begin MonoManager ReloadAssembly
Native extension for WindowsStandalone target not found
Refreshing native plugins compatible for Editor in 0.52 ms, found 2 plugins.
Preloading 0 native plugins for Editor in 0.00 ms.
Mono: successfully reloaded assembly
- Completed reload, in  0.994 seconds
Platform modules already initialized, skipping
Refreshing native plugins compatible for Editor in 0.45 ms, found 2 plugins.
Preloading 0 native plugins for Editor in 0.00 ms.
Unloading 1141 Unused Serialized files (Serialized files now loaded: 0)
System memory in use before: 58.6 MB.
System memory in use after: 58.7 MB.

Unloading 22 unused Assets to reduce memory usage. Loaded Objects now: 1618.
Total: 2.460500 ms (FindLiveObjects: 0.240600 ms CreateObjectMapping: 0.037300 ms MarkObjects: 2.076700 ms  DeleteObjects: 0.103400 ms)

========================================================================
Received Prepare
Registering precompiled user dll's ...
Registered in 0.006403 seconds.
Begin MonoManager ReloadAssembly
Native extension for WindowsStandalone target not found
Refreshing native plugins compatible for Editor in 0.45 ms, found 2 plugins.
Preloading 0 native plugins for Editor in 0.00 ms.
Mono: successfully reloaded assembly
- Completed reload, in  0.962 seconds
Platform modules already initialized, skipping
Refreshing native plugins compatible for Editor in 0.46 ms, found 2 plugins.
Preloading 0 native plugins for Editor in 0.00 ms.
Unloading 1141 Unused Serialized files (Serialized files now loaded: 0)
System memory in use before: 58.7 MB.
System memory in use after: 58.7 MB.

Unloading 22 unused Assets to reduce memory usage. Loaded Objects now: 1621.
Total: 2.217300 ms (FindLiveObjects: 0.282200 ms CreateObjectMapping: 0.038200 ms MarkObjects: 1.800500 ms  DeleteObjects: 0.094500 ms)

========================================================================
Received Prepare
Registering precompiled user dll's ...
Registered in 0.006498 seconds.
Begin MonoManager ReloadAssembly
Native extension for WindowsStandalone target not found
Refreshing native plugins compatible for Editor in 0.47 ms, found 2 plugins.
Preloading 0 native plugins for Editor in 0.00 ms.
Mono: successfully reloaded assembly
- Completed reload, in  1.033 seconds
Platform modules already initialized, skipping
Refreshing native plugins compatible for Editor in 0.43 ms, found 2 plugins.
Preloading 0 native plugins for Editor in 0.00 ms.
Unloading 1141 Unused Serialized files (Serialized files now loaded: 0)
System memory in use before: 58.7 MB.
System memory in use after: 58.8 MB.

Unloading 22 unused Assets to reduce memory usage. Loaded Objects now: 1624.
Total: 2.730500 ms (FindLiveObjects: 0.240900 ms CreateObjectMapping: 0.037600 ms MarkObjects: 2.341800 ms  DeleteObjects: 0.108700 ms)

========================================================================
Received Prepare
Registering precompiled user dll's ...
Registered in 0.007407 seconds.
Begin MonoManager ReloadAssembly
Native extension for WindowsStandalone target not found
Refreshing native plugins compatible for Editor in 0.43 ms, found 2 plugins.
Preloading 0 native plugins for Editor in 0.00 ms.
Mono: successfully reloaded assembly
- Completed reload, in  0.998 seconds
Platform modules already initialized, skipping
Refreshing native plugins compatible for Editor in 0.43 ms, found 2 plugins.
Preloading 0 native plugins for Editor in 0.00 ms.
Unloading 1141 Unused Serialized files (Serialized files now loaded: 0)
System memory in use before: 58.7 MB.
System memory in use after: 58.8 MB.

Unloading 22 unused Assets to reduce memory usage. Loaded Objects now: 1627.
Total: 2.169100 ms (FindLiveObjects: 0.196300 ms CreateObjectMapping: 0.034300 ms MarkObjects: 1.834400 ms  DeleteObjects: 0.102300 ms)

========================================================================
Received Import Request.
  Time since last request: 441.688508 seconds.
  path: Assets/Scripts/StaticClass.cs
  artifactKey: Guid(1dcec59421c8ce446a038d78cc255580) Importer(815301076,1909f56bfc062723c751e8b465ee728b)
Start importing Assets/Scripts/StaticClass.cs using Guid(1dcec59421c8ce446a038d78cc255580) Importer(815301076,1909f56bfc062723c751e8b465ee728b)  -> (artifact id: 'ebf4e6e24bacc2b171f4b130057607ca') in 0.018115 seconds
  Import took 0.021548 seconds .

========================================================================
Received Prepare
Registering precompiled user dll's ...
Registered in 0.006495 seconds.
Begin MonoManager ReloadAssembly
Native extension for WindowsStandalone target not found
Refreshing native plugins compatible for Editor in 0.58 ms, found 2 plugins.
Preloading 0 native plugins for Editor in 0.00 ms.
Mono: successfully reloaded assembly
- Completed reload, in  1.085 seconds
Platform modules already initialized, skipping
Refreshing native plugins compatible for Editor in 0.75 ms, found 2 plugins.
Preloading 0 native plugins for Editor in 0.00 ms.
Unloading 1142 Unused Serialized files (Serialized files now loaded: 0)
System memory in use before: 58.7 MB.
System memory in use after: 58.8 MB.

Unloading 22 unused Assets to reduce memory usage. Loaded Objects now: 1631.
Total: 8.486800 ms (FindLiveObjects: 0.952500 ms CreateObjectMapping: 0.175500 ms MarkObjects: 6.900500 ms  DeleteObjects: 0.453200 ms)

========================================================================
Received Prepare
Registering precompiled user dll's ...
Registered in 0.006522 seconds.
Begin MonoManager ReloadAssembly
Native extension for WindowsStandalone target not found
Refreshing native plugins compatible for Editor in 0.45 ms, found 2 plugins.
Preloading 0 native plugins for Editor in 0.00 ms.
Mono: successfully reloaded assembly
- Completed reload, in  1.003 seconds
Platform modules already initialized, skipping
Refreshing native plugins compatible for Editor in 0.43 ms, found 2 plugins.
Preloading 0 native plugins for Editor in 0.00 ms.
Unloading 1142 Unused Serialized files (Serialized files now loaded: 0)
System memory in use before: 58.7 MB.
System memory in use after: 58.8 MB.

Unloading 22 unused Assets to reduce memory usage. Loaded Objects now: 1634.
Total: 2.923500 ms (FindLiveObjects: 0.193000 ms CreateObjectMapping: 0.035200 ms MarkObjects: 2.564500 ms  DeleteObjects: 0.129400 ms)

========================================================================
Received Import Request.
  Time since last request: 125.993641 seconds.
  path: Assets/Scripts/StaticClass.cs
  artifactKey: Guid(1dcec59421c8ce446a038d78cc255580) Importer(815301076,1909f56bfc062723c751e8b465ee728b)
Start importing Assets/Scripts/StaticClass.cs using Guid(1dcec59421c8ce446a038d78cc255580) Importer(815301076,1909f56bfc062723c751e8b465ee728b)  -> (artifact id: 'fe8be2a9b82d25b42319b4e34f73cfb2') in 0.007278 seconds
  Import took 0.010450 seconds .

========================================================================
Received Prepare
Registering precompiled user dll's ...
Registered in 0.006249 seconds.
Begin MonoManager ReloadAssembly
Native extension for WindowsStandalone target not found
Refreshing native plugins compatible for Editor in 0.44 ms, found 2 plugins.
Preloading 0 native plugins for Editor in 0.00 ms.
Mono: successfully reloaded assembly
- Completed reload, in  0.982 seconds
Platform modules already initialized, skipping
Refreshing native plugins compatible for Editor in 0.44 ms, found 2 plugins.
Preloading 0 native plugins for Editor in 0.00 ms.
Unloading 1142 Unused Serialized files (Serialized files now loaded: 0)
System memory in use before: 58.7 MB.
System memory in use after: 58.8 MB.

Unloading 22 unused Assets to reduce memory usage. Loaded Objects now: 1637.
Total: 2.337700 ms (FindLiveObjects: 0.281400 ms CreateObjectMapping: 0.044500 ms MarkObjects: 1.908200 ms  DeleteObjects: 0.102000 ms)

========================================================================
Received Import Request.
  Time since last request: 15.141869 seconds.
  path: Assets/Scenes/EndScreen.unity
  artifactKey: Guid(02a39092a8297ef40b1d8aee143b5ba5) Importer(815301076,1909f56bfc062723c751e8b465ee728b)
Start importing Assets/Scenes/EndScreen.unity using Guid(02a39092a8297ef40b1d8aee143b5ba5) Importer(815301076,1909f56bfc062723c751e8b465ee728b)  -> (artifact id: 'f2c9ce7c1198e0778acd69b45af37854') in 0.011876 seconds
  Import took 0.014108 seconds .

========================================================================
Received Import Request.
  Time since last request: 185.688704 seconds.
  path: Assets/Scripts/EndScreenControl.cs
  artifactKey: Guid(0c504b8fe7c93ff4cbcc334de1041b0c) Importer(815301076,1909f56bfc062723c751e8b465ee728b)
Start importing Assets/Scripts/EndScreenControl.cs using Guid(0c504b8fe7c93ff4cbcc334de1041b0c) Importer(815301076,1909f56bfc062723c751e8b465ee728b)  -> (artifact id: '13fe89b4e16f50c74ec38ec6b71e705f') in 0.009067 seconds
  Import took 0.011799 seconds .

========================================================================
Received Prepare
Registering precompiled user dll's ...
Registered in 0.008618 seconds.
Begin MonoManager ReloadAssembly
Native extension for WindowsStandalone target not found
Refreshing native plugins compatible for Editor in 0.58 ms, found 2 plugins.
Preloading 0 native plugins for Editor in 0.00 ms.
Mono: successfully reloaded assembly
- Completed reload, in  1.080 seconds
Platform modules already initialized, skipping
Refreshing native plugins compatible for Editor in 0.71 ms, found 2 plugins.
Preloading 0 native plugins for Editor in 0.00 ms.
Unloading 1143 Unused Serialized files (Serialized files now loaded: 0)
System memory in use before: 58.8 MB.
System memory in use after: 58.8 MB.

Unloading 22 unused Assets to reduce memory usage. Loaded Objects now: 1641.
Total: 4.085100 ms (FindLiveObjects: 0.374100 ms CreateObjectMapping: 0.127800 ms MarkObjects: 3.448700 ms  DeleteObjects: 0.131900 ms)

========================================================================
Received Prepare
Registering precompiled user dll's ...
Registered in 0.006354 seconds.
Begin MonoManager ReloadAssembly
Native extension for WindowsStandalone target not found
Refreshing native plugins compatible for Editor in 0.49 ms, found 2 plugins.
Preloading 0 native plugins for Editor in 0.00 ms.
Mono: successfully reloaded assembly
- Completed reload, in  0.960 seconds
Platform modules already initialized, skipping
Refreshing native plugins compatible for Editor in 0.46 ms, found 2 plugins.
Preloading 0 native plugins for Editor in 0.00 ms.
Unloading 1143 Unused Serialized files (Serialized files now loaded: 0)
System memory in use before: 58.8 MB.
System memory in use after: 58.9 MB.

Unloading 22 unused Assets to reduce memory usage. Loaded Objects now: 1644.
Total: 2.338100 ms (FindLiveObjects: 0.231300 ms CreateObjectMapping: 0.035400 ms MarkObjects: 1.970100 ms  DeleteObjects: 0.099400 ms)

========================================================================
Received Import Request.
  Time since last request: 71.320070 seconds.
  path: Assets/Scripts/EndScreenControl.cs
  artifactKey: Guid(0c504b8fe7c93ff4cbcc334de1041b0c) Importer(815301076,1909f56bfc062723c751e8b465ee728b)
Start importing Assets/Scripts/EndScreenControl.cs using Guid(0c504b8fe7c93ff4cbcc334de1041b0c) Importer(815301076,1909f56bfc062723c751e8b465ee728b)  -> (artifact id: 'bc5aebc340afcc242d690ef919201c22') in 0.006782 seconds
  Import took 0.009298 seconds .

========================================================================
Received Import Request.
  Time since last request: 0.002556 seconds.
  path: Assets/Scripts/EndScreenControl.cs
  artifactKey: Guid(0c504b8fe7c93ff4cbcc334de1041b0c) Importer(815301076,1909f56bfc062723c751e8b465ee728b)
Start importing Assets/Scripts/EndScreenControl.cs using Guid(0c504b8fe7c93ff4cbcc334de1041b0c) Importer(815301076,1909f56bfc062723c751e8b465ee728b)  -> (artifact id: 'bc5aebc340afcc242d690ef919201c22') in 0.003591 seconds
  Import took 0.005670 seconds .

========================================================================
Received Import Request.
  Time since last request: 13.532321 seconds.
  path: Assets/Scenes/Game.unity
  artifactKey: Guid(9fc0d4010bbf28b4594072e72b8655ab) Importer(815301076,1909f56bfc062723c751e8b465ee728b)
Start importing Assets/Scenes/Game.unity using Guid(9fc0d4010bbf28b4594072e72b8655ab) Importer(815301076,1909f56bfc062723c751e8b465ee728b)  -> (artifact id: '74c405a1b04d7594b81c39f136f38f41') in 0.015088 seconds
  Import took 0.017398 seconds .

========================================================================
Received Prepare
Registering precompiled user dll's ...
Registered in 0.006581 seconds.
Begin MonoManager ReloadAssembly
Native extension for WindowsStandalone target not found
Refreshing native plugins compatible for Editor in 0.43 ms, found 2 plugins.
Preloading 0 native plugins for Editor in 0.00 ms.
Mono: successfully reloaded assembly
- Completed reload, in  0.973 seconds
Platform modules already initialized, skipping
Refreshing native plugins compatible for Editor in 0.44 ms, found 2 plugins.
Preloading 0 native plugins for Editor in 0.00 ms.
Unloading 1143 Unused Serialized files (Serialized files now loaded: 0)
System memory in use before: 58.8 MB.
System memory in use after: 58.9 MB.

Unloading 22 unused Assets to reduce memory usage. Loaded Objects now: 1647.
Total: 2.237100 ms (FindLiveObjects: 0.208200 ms CreateObjectMapping: 0.043300 ms MarkObjects: 1.886100 ms  DeleteObjects: 0.097700 ms)

========================================================================
Received Import Request.
  Time since last request: 23.540847 seconds.
  path: Assets/Scenes/Menu.unity
  artifactKey: Guid(3a23b8757b7b1b141af24142d348034f) Importer(815301076,1909f56bfc062723c751e8b465ee728b)
Start importing Assets/Scenes/Menu.unity using Guid(3a23b8757b7b1b141af24142d348034f) Importer(815301076,1909f56bfc062723c751e8b465ee728b)  -> (artifact id: '514628e13c2614ff62e61ce351cfdee1') in 0.013842 seconds
  Import took 0.016126 seconds .

========================================================================
Received Import Request.
  Time since last request: 6.689215 seconds.
  path: Assets/Scenes/EndScreen.unity
  artifactKey: Guid(02a39092a8297ef40b1d8aee143b5ba5) Importer(815301076,1909f56bfc062723c751e8b465ee728b)
Start importing Assets/Scenes/EndScreen.unity using Guid(02a39092a8297ef40b1d8aee143b5ba5) Importer(815301076,1909f56bfc062723c751e8b465ee728b)  -> (artifact id: '9a1d7ce3f551a5e15752992e190e2e2f') in 0.003986 seconds
  Import took 0.006220 seconds .

========================================================================
Received Prepare
Registering precompiled user dll's ...
Registered in 0.006421 seconds.
Begin MonoManager ReloadAssembly
Native extension for WindowsStandalone target not found
Refreshing native plugins compatible for Editor in 0.62 ms, found 2 plugins.
Preloading 0 native plugins for Editor in 0.00 ms.
Mono: successfully reloaded assembly
- Completed reload, in  0.948 seconds
Platform modules already initialized, skipping
Refreshing native plugins compatible for Editor in 0.44 ms, found 2 plugins.
Preloading 0 native plugins for Editor in 0.00 ms.
Unloading 1143 Unused Serialized files (Serialized files now loaded: 0)
System memory in use before: 58.8 MB.
System memory in use after: 58.9 MB.

Unloading 22 unused Assets to reduce memory usage. Loaded Objects now: 1650.
Total: 1.971800 ms (FindLiveObjects: 0.197000 ms CreateObjectMapping: 0.043200 ms MarkObjects: 1.639500 ms  DeleteObjects: 0.091000 ms)

========================================================================
Received Prepare
Registering precompiled user dll's ...
Registered in 0.006385 seconds.
Begin MonoManager ReloadAssembly
Native extension for WindowsStandalone target not found
Refreshing native plugins compatible for Editor in 0.45 ms, found 2 plugins.
Preloading 0 native plugins for Editor in 0.00 ms.
Mono: successfully reloaded assembly
- Completed reload, in  1.012 seconds
Platform modules already initialized, skipping
Refreshing native plugins compatible for Editor in 0.44 ms, found 2 plugins.
Preloading 0 native plugins for Editor in 0.00 ms.
Unloading 1143 Unused Serialized files (Serialized files now loaded: 0)
System memory in use before: 58.8 MB.
System memory in use after: 58.9 MB.

Unloading 22 unused Assets to reduce memory usage. Loaded Objects now: 1653.
Total: 2.527300 ms (FindLiveObjects: 0.247700 ms CreateObjectMapping: 0.048800 ms MarkObjects: 2.125700 ms  DeleteObjects: 0.103400 ms)

========================================================================
Received Import Request.
  Time since last request: 107.645534 seconds.
  path: Assets/Scenes/EndScreen.unity
  artifactKey: Guid(02a39092a8297ef40b1d8aee143b5ba5) Importer(815301076,1909f56bfc062723c751e8b465ee728b)
Start importing Assets/Scenes/EndScreen.unity using Guid(02a39092a8297ef40b1d8aee143b5ba5) Importer(815301076,1909f56bfc062723c751e8b465ee728b)  -> (artifact id: 'a3c8209c01841c9e8d0b7a027b45bba0') in 0.012478 seconds
  Import took 0.014813 seconds .

========================================================================
Received Import Request.
  Time since last request: 0.007655 seconds.
  path: Assets/Scenes/EndScreen.unity
  artifactKey: Guid(02a39092a8297ef40b1d8aee143b5ba5) Importer(815301076,1909f56bfc062723c751e8b465ee728b)
Start importing Assets/Scenes/EndScreen.unity using Guid(02a39092a8297ef40b1d8aee143b5ba5) Importer(815301076,1909f56bfc062723c751e8b465ee728b)  -> (artifact id: 'a3c8209c01841c9e8d0b7a027b45bba0') in 0.003643 seconds
  Import took 0.005841 seconds .

AssetImportWorkerClient::OnTransportError - code=2 error=End of file
